C:\latent_ode-master\run_models.py
C:\latent_ode-master\run_models.py --niters 10 -n 1000 -b 25 -l 20 --dataset physiosepsis --ode-rnn --rec-dims 40 --rec-layers 3 --gen-layers 3 --units 50 --gru-units 50 --quantization 0.1 --regress
Experiment 93850
Epoch 0001 [Test seq (cond on sampled tp)] | Loss 178.968918 | Likelihood -61.513874 | KL fp 0.0000 | FP STD 0.0000|
KL coef: 0.0
Train loss (one batch): 222.51402282714844
Train CE loss (one batch): 0.0
Test MSE: 0.0128
Poisson likelihood: 0.0
CE loss: 0.0
Experiment 93850
Epoch 0002 [Test seq (cond on sampled tp)] | Loss 158.662292 | Likelihood -43.388435 | KL fp 0.0000 | FP STD 0.0000|
KL coef: 0.0
Train loss (one batch): 203.7957763671875
Train CE loss (one batch): 0.0
Test MSE: 0.0092
Poisson likelihood: 0.0
CE loss: 0.0
Experiment 93850
Epoch 0003 [Test seq (cond on sampled tp)] | Loss 146.696991 | Likelihood -32.801228 | KL fp 0.0000 | FP STD 0.0000|
KL coef: 0.0
Train loss (one batch): 182.433349609375
Train CE loss (one batch): 0.0
Test MSE: 0.0071
Poisson likelihood: 0.0
CE loss: 0.0
Experiment 93850
Epoch 0004 [Test seq (cond on sampled tp)] | Loss 143.126038 | Likelihood -30.070129 | KL fp 0.0000 | FP STD 0.0000|
KL coef: 0.0
Train loss (one batch): 173.4173126220703
Train CE loss (one batch): 0.0
Test MSE: 0.0065
Poisson likelihood: 0.0
CE loss: 0.0
Experiment 93850
Epoch 0005 [Test seq (cond on sampled tp)] | Loss 141.092651 | Likelihood -28.991413 | KL fp 0.0000 | FP STD 0.0000|
KL coef: 0.0
Train loss (one batch): 167.65548706054688
Train CE loss (one batch): 0.0
Test MSE: 0.0063
Poisson likelihood: 0.0
CE loss: 0.0
Experiment 93850
Epoch 0006 [Test seq (cond on sampled tp)] | Loss 139.483810 | Likelihood -28.409172 | KL fp 0.0000 | FP STD 0.0000|
KL coef: 0.0
Train loss (one batch): 159.750244140625
Train CE loss (one batch): 0.0
Test MSE: 0.0062
Poisson likelihood: 0.0
CE loss: 0.0
Experiment 93850
Epoch 0007 [Test seq (cond on sampled tp)] | Loss 137.843918 | Likelihood -28.036297 | KL fp 0.0000 | FP STD 0.0000|
KL coef: 0.0
Train loss (one batch): 149.40016174316406
Train CE loss (one batch): 0.0
Test MSE: 0.0061
Poisson likelihood: 0.0
CE loss: 0.0
Experiment 93850
Epoch 0008 [Test seq (cond on sampled tp)] | Loss 136.451218 | Likelihood -27.749256 | KL fp 0.0000 | FP STD 0.0000|
KL coef: 0.0
Train loss (one batch): 141.98312377929688
Train CE loss (one batch): 0.0
Test MSE: 0.0060
Poisson likelihood: 0.0
CE loss: 0.0
Experiment 93850
Epoch 0009 [Test seq (cond on sampled tp)] | Loss 135.016296 | Likelihood -27.241545 | KL fp 0.0000 | FP STD 0.0000|
KL coef: 0.0
Train loss (one batch): 133.012939453125
Train CE loss (one batch): 0.0
Test MSE: 0.0059
Poisson likelihood: 0.0
CE loss: 0.0
Experiment 93850
Epoch 0010 [Test seq (cond on sampled tp)] | Loss 133.330414 | Likelihood -26.545958 | KL fp 0.0000 | FP STD 0.0000|
KL coef: 0.0
Train loss (one batch): 125.74470520019531
Train CE loss (one batch): 0.0
Test MSE: 0.0058
Poisson likelihood: 0.0
CE loss: 0.0
sepsis
0.16474275042724243